This is pdfTeX, Version 3.14159265-2.6-1.40.15 (MiKTeX 2.9 64-bit) (preloaded format=pdflatex 2015.2.10)  22 APR 2015 08:19
entering extended mode
**C:/Users/rach0012/Documents/GitHub/iccv-obMem/latexFiles/egpaper_for_review.t
ex

(C:/Users/rach0012/Documents/GitHub/iccv-obMem/latexFiles/egpaper_for_review.te
x
LaTeX2e <2014/05/01>
Babel <3.9l> and hyphenation patterns for 68 languages loaded.
("C:\Program Files\MiKTeX 2.9\tex\latex\base\article.cls"
Document Class: article 2014/09/29 v1.4h Standard LaTeX document class
("C:\Program Files\MiKTeX 2.9\tex\latex\base\size10.clo"
File: size10.clo 2014/09/29 v1.4h Standard LaTeX file (size option)
)
\c@part=\count79
\c@section=\count80
\c@subsection=\count81
\c@subsubsection=\count82
\c@paragraph=\count83
\c@subparagraph=\count84
\c@figure=\count85
\c@table=\count86
\abovecaptionskip=\skip41
\belowcaptionskip=\skip42
\bibindent=\dimen102
) (iccv.sty
("C:\Program Files\MiKTeX 2.9\tex\latex\eso-pic\eso-pic.sty"
Package: eso-pic 2013/10/06 v2.0d eso-pic (RN)

("C:\Program Files\MiKTeX 2.9\tex\generic\oberdiek\atbegshi.sty"
Package: atbegshi 2011/10/05 v1.16 At begin shipout hook (HO)

("C:\Program Files\MiKTeX 2.9\tex\generic\oberdiek\infwarerr.sty"
Package: infwarerr 2010/04/08 v1.3 Providing info/warning/error messages (HO)
)
("C:\Program Files\MiKTeX 2.9\tex\generic\oberdiek\ltxcmds.sty"
Package: ltxcmds 2011/11/09 v1.22 LaTeX kernel commands for general use (HO)
)
("C:\Program Files\MiKTeX 2.9\tex\generic\oberdiek\ifpdf.sty"
Package: ifpdf 2011/01/30 v2.3 Provides the ifpdf switch (HO)
Package ifpdf Info: pdfTeX in PDF mode is detected.
))
("C:\Program Files\MiKTeX 2.9\tex\latex\graphics\keyval.sty"
Package: keyval 2014/10/28 v1.15 key=value parser (DPC)
\KV@toks@=\toks14
)
("C:\Program Files\MiKTeX 2.9\tex\latex\xcolor\xcolor.sty"
Package: xcolor 2007/01/21 v2.11 LaTeX color extensions (UK)

("C:\Program Files\MiKTeX 2.9\tex\latex\00miktex\color.cfg"
File: color.cfg 2007/01/18 v1.5 color configuration of teTeX/TeXLive
)
Package xcolor Info: Driver file: pdftex.def on input line 225.

("C:\Program Files\MiKTeX 2.9\tex\latex\pdftex-def\pdftex.def"
File: pdftex.def 2011/05/27 v0.06d Graphics/color for pdfTeX
\Gread@gobject=\count87
)
Package xcolor Info: Model `cmy' substituted by `cmy0' on input line 1337.
Package xcolor Info: Model `hsb' substituted by `rgb' on input line 1341.
Package xcolor Info: Model `RGB' extended on input line 1353.
Package xcolor Info: Model `HTML' substituted by `rgb' on input line 1355.
Package xcolor Info: Model `Hsb' substituted by `hsb' on input line 1356.
Package xcolor Info: Model `tHsb' substituted by `hsb' on input line 1357.
Package xcolor Info: Model `HSB' substituted by `hsb' on input line 1358.
Package xcolor Info: Model `Gray' substituted by `gray' on input line 1359.
Package xcolor Info: Model `wave' substituted by `hsb' on input line 1360.
))
("C:\Program Files\MiKTeX 2.9\tex\latex\tools\xspace.sty"
Package: xspace 2014/10/28 v1.13 Space after command names (DPC,MH)
)
ICCV 8.5 x 11-Inch Proceedings Style `iccv.sty'.
\@ctmp=\skip43
\@figindent=\skip44
\iccvrulerbox=\box26
\iccvrulercount=\count88
\iccvruleroffset=\dimen103
\cv@lineheight=\dimen104
\cv@boxheight=\dimen105
\cv@tmpbox=\box27
\cv@refno=\count89
\cv@tot=\count90
\cv@tmpc@=\count91
\cv@tmpc=\count92
) ("C:\Program Files\MiKTeX 2.9\tex\latex\psnfss\times.sty"
Package: times 2005/04/12 PSNFSS-v9.2a (SPQR) 
)
("C:\Program Files\MiKTeX 2.9\tex\latex\graphics\epsfig.sty"
Package: epsfig 1999/02/16 v1.7a (e)psfig emulation (SPQR)

("C:\Program Files\MiKTeX 2.9\tex\latex\graphics\graphicx.sty"
Package: graphicx 2014/10/28 v1.0g Enhanced LaTeX Graphics (DPC,SPQR)

("C:\Program Files\MiKTeX 2.9\tex\latex\graphics\graphics.sty"
Package: graphics 2014/10/28 v1.0p Standard LaTeX Graphics (DPC,SPQR)

("C:\Program Files\MiKTeX 2.9\tex\latex\graphics\trig.sty"
Package: trig 1999/03/16 v1.09 sin cos tan (DPC)
)
("C:\Program Files\MiKTeX 2.9\tex\latex\00miktex\graphics.cfg"
File: graphics.cfg 2007/01/18 v1.5 graphics configuration of teTeX/TeXLive
)
Package graphics Info: Driver file: pdftex.def on input line 91.
)
\Gin@req@height=\dimen106
\Gin@req@width=\dimen107
)
\epsfxsize=\dimen108
\epsfysize=\dimen109
)
("C:\Program Files\MiKTeX 2.9\tex\latex\amsmath\amsmath.sty"
Package: amsmath 2013/01/14 v2.14 AMS math features
\@mathmargin=\skip45

For additional information on amsmath, use the `?' option.
("C:\Program Files\MiKTeX 2.9\tex\latex\amsmath\amstext.sty"
Package: amstext 2000/06/29 v2.01

("C:\Program Files\MiKTeX 2.9\tex\latex\amsmath\amsgen.sty"
File: amsgen.sty 1999/11/30 v2.0
\@emptytoks=\toks15
\ex@=\dimen110
))
("C:\Program Files\MiKTeX 2.9\tex\latex\amsmath\amsbsy.sty"
Package: amsbsy 1999/11/29 v1.2d
\pmbraise@=\dimen111
)
("C:\Program Files\MiKTeX 2.9\tex\latex\amsmath\amsopn.sty"
Package: amsopn 1999/12/14 v2.01 operator names
)
\inf@bad=\count93
LaTeX Info: Redefining \frac on input line 210.
\uproot@=\count94
\leftroot@=\count95
LaTeX Info: Redefining \overline on input line 306.
\classnum@=\count96
\DOTSCASE@=\count97
LaTeX Info: Redefining \ldots on input line 378.
LaTeX Info: Redefining \dots on input line 381.
LaTeX Info: Redefining \cdots on input line 466.
\Mathstrutbox@=\box28
\strutbox@=\box29
\big@size=\dimen112
LaTeX Font Info:    Redeclaring font encoding OML on input line 566.
LaTeX Font Info:    Redeclaring font encoding OMS on input line 567.
\macc@depth=\count98
\c@MaxMatrixCols=\count99
\dotsspace@=\muskip10
\c@parentequation=\count100
\dspbrk@lvl=\count101
\tag@help=\toks16
\row@=\count102
\column@=\count103
\maxfields@=\count104
\andhelp@=\toks17
\eqnshift@=\dimen113
\alignsep@=\dimen114
\tagshift@=\dimen115
\tagwidth@=\dimen116
\totwidth@=\dimen117
\lineht@=\dimen118
\@envbody=\toks18
\multlinegap=\skip46
\multlinetaggap=\skip47
\mathdisplay@stack=\toks19
LaTeX Info: Redefining \[ on input line 2665.
LaTeX Info: Redefining \] on input line 2666.
)
("C:\Program Files\MiKTeX 2.9\tex\latex\amsfonts\amssymb.sty"
Package: amssymb 2013/01/14 v3.01 AMS font symbols

("C:\Program Files\MiKTeX 2.9\tex\latex\amsfonts\amsfonts.sty"
Package: amsfonts 2013/01/14 v3.01 Basic AMSFonts support
\symAMSa=\mathgroup4
\symAMSb=\mathgroup5
LaTeX Font Info:    Overwriting math alphabet `\mathfrak' in version `bold'
(Font)                  U/euf/m/n --> U/euf/b/n on input line 106.
))
("C:\Program Files\MiKTeX 2.9\tex\latex\subfloat\subfloat.sty"
Package: subfloat 2003/08/21 version 2.14

Package `subfloat', Version 2.14 of 2003/08/21.

Package subfloat Warning: Numbers of floats not counted:
(subfloat)                If you use one of the counters subfloatfiguremax or
(subfloat)                subfloattablemax you will get strange error messages
(subfloat)                containing \c@subfloatfiguremax or
(subfloat)                \c@subfloattablemax:
(subfloat)                Please switch on countmax or remove the code using
(subfloat)                the counter then..

) ("C:\Program Files\MiKTeX 2.9\tex\latex\subfigure\subfigure.sty"
Package: subfigure 2002/07/30 v2.1.4 subfigure package
\subfigtopskip=\skip48
\subfigcapskip=\skip49
\subfigcaptopadj=\dimen119
\subfigbottomskip=\skip50
\subfigcapmargin=\dimen120
\subfiglabelskip=\skip51
\c@subfigure=\count105
\c@lofdepth=\count106
\c@subtable=\count107
\c@lotdepth=\count108

****************************************
* Local config file subfigure.cfg used *
****************************************
("C:\Program Files\MiKTeX 2.9\tex\latex\subfigure\subfigure.cfg")
\subfig@top=\skip52
\subfig@bottom=\skip53
)
("C:\Program Files\MiKTeX 2.9\tex\latex\tools\verbatim.sty"
Package: verbatim 2014/10/28 v1.5q LaTeX2e package for verbatim enhancements
\every@verbatim=\toks20
\verbatim@line=\toks21
\verbatim@in@stream=\read1
)
("C:\Program Files\MiKTeX 2.9\tex\latex\caption\caption.sty"
Package: caption 2013/05/02 v3.3-89 Customizing captions (AR)

("C:\Program Files\MiKTeX 2.9\tex\latex\caption\caption3.sty"
Package: caption3 2013/05/02 v1.6-88 caption3 kernel (AR)
Package caption3 Info: TeX engine: e-TeX on input line 57.
\captionmargin=\dimen121
\captionmargin@=\dimen122
\captionwidth=\dimen123
\caption@tempdima=\dimen124
\caption@indent=\dimen125
\caption@parindent=\dimen126
\caption@hangindent=\dimen127
Package caption Info: Unknown document class (or package),
(caption)             standard defaults will be used.
)

Package caption Warning: Unsupported document class (or package) detected,
(caption)                usage of the caption package is not recommended.
See the caption package documentation for explanation.

Package caption Info: \@makecaption = \long macro:#1#2-> \setbox \@tempboxa \hb
ox {\small \noindent #1.~#2} \setlength {\@ctmp }{\hsize } \addtolength {\@ctmp
 }{-\@figindent }\addtolength {\@ctmp }{-\@figindent } \ifdim \wd \@tempboxa >\
@ctmp {\small #1.~#2\par } \else \hbox to\hsize {\hfil \box \@tempboxa \hfil } 
\fi .
\c@ContinuedFloat=\count109
Package caption Info: subfigure package is loaded.
) ("C:\Program Files\MiKTeX 2.9\tex\latex\tools\enumerate.sty"
Package: enumerate 2014/10/28 v3.00 enumerate extensions (DPC)
\@enLab=\toks22
)
("C:\Program Files\MiKTeX 2.9\tex\latex\hyperref\hyperref.sty"
Package: hyperref 2012/11/06 v6.83m Hypertext links for LaTeX

("C:\Program Files\MiKTeX 2.9\tex\generic\oberdiek\hobsub-hyperref.sty"
Package: hobsub-hyperref 2012/04/25 v1.12 Bundle oberdiek, subset hyperref (HO)


("C:\Program Files\MiKTeX 2.9\tex\generic\oberdiek\hobsub-generic.sty"
Package: hobsub-generic 2012/04/25 v1.12 Bundle oberdiek, subset generic (HO)
Package: hobsub 2012/04/25 v1.12 Construct package bundles (HO)
Package hobsub Info: Skipping package `infwarerr' (already loaded).
Package hobsub Info: Skipping package `ltxcmds' (already loaded).
Package: ifluatex 2010/03/01 v1.3 Provides the ifluatex switch (HO)
Package ifluatex Info: LuaTeX not detected.
Package: ifvtex 2010/03/01 v1.5 Detect VTeX and its facilities (HO)
Package ifvtex Info: VTeX not detected.
Package: intcalc 2007/09/27 v1.1 Expandable calculations with integers (HO)
Package hobsub Info: Skipping package `ifpdf' (already loaded).
Package: etexcmds 2011/02/16 v1.5 Avoid name clashes with e-TeX commands (HO)
Package etexcmds Info: Could not find \expanded.
(etexcmds)             That can mean that you are not using pdfTeX 1.50 or
(etexcmds)             that some package has redefined \expanded.
(etexcmds)             In the latter case, load this package earlier.
Package: kvsetkeys 2012/04/25 v1.16 Key value parser (HO)
Package: kvdefinekeys 2011/04/07 v1.3 Define keys (HO)
Package: pdftexcmds 2011/11/29 v0.20 Utility functions of pdfTeX for LuaTeX (HO
)
Package pdftexcmds Info: LuaTeX not detected.
Package pdftexcmds Info: \pdf@primitive is available.
Package pdftexcmds Info: \pdf@ifprimitive is available.
Package pdftexcmds Info: \pdfdraftmode found.
Package: pdfescape 2011/11/25 v1.13 Implements pdfTeX's escape features (HO)
Package: bigintcalc 2012/04/08 v1.3 Expandable calculations on big integers (HO
)
Package: bitset 2011/01/30 v1.1 Handle bit-vector datatype (HO)
Package: uniquecounter 2011/01/30 v1.2 Provide unlimited unique counter (HO)
)
Package hobsub Info: Skipping package `hobsub' (already loaded).
Package: letltxmacro 2010/09/02 v1.4 Let assignment for LaTeX macros (HO)
Package: hopatch 2011/06/24 v1.1 Wrapper for package hooks (HO)
Package: xcolor-patch 2011/01/30 xcolor patch
Package: atveryend 2011/06/30 v1.8 Hooks at the very end of document (HO)
Package atveryend Info: \enddocument detected (standard20110627).
Package hobsub Info: Skipping package `atbegshi' (already loaded).
Package: refcount 2011/10/16 v3.4 Data extraction from label references (HO)
Package: hycolor 2011/01/30 v1.7 Color options for hyperref/bookmark (HO)
)
("C:\Program Files\MiKTeX 2.9\tex\generic\ifxetex\ifxetex.sty"
Package: ifxetex 2010/09/12 v0.6 Provides ifxetex conditional
)
("C:\Program Files\MiKTeX 2.9\tex\latex\oberdiek\auxhook.sty"
Package: auxhook 2011/03/04 v1.3 Hooks for auxiliary files (HO)
)
("C:\Program Files\MiKTeX 2.9\tex\latex\oberdiek\kvoptions.sty"
Package: kvoptions 2011/06/30 v3.11 Key value format for package options (HO)
)
\@linkdim=\dimen128
\Hy@linkcounter=\count110
\Hy@pagecounter=\count111

("C:\Program Files\MiKTeX 2.9\tex\latex\hyperref\pd1enc.def"
File: pd1enc.def 2012/11/06 v6.83m Hyperref: PDFDocEncoding definition (HO)
)
\Hy@SavedSpaceFactor=\count112

("C:\Program Files\MiKTeX 2.9\tex\latex\00miktex\hyperref.cfg"
File: hyperref.cfg 2002/06/06 v1.2 hyperref configuration of TeXLive
)
Package hyperref Info: Option `breaklinks' set `true' on input line 4319.


Package hyperref Warning: Option `letterpaper' is no longer used.

Package hyperref Info: Option `colorlinks' set `true' on input line 4319.
Package hyperref Info: Option `bookmarks' set `false' on input line 4319.
Package hyperref Info: Hyper figures OFF on input line 4443.
Package hyperref Info: Link nesting OFF on input line 4448.
Package hyperref Info: Hyper index ON on input line 4451.
Package hyperref Info: Plain pages OFF on input line 4458.
Package hyperref Info: Backreferencing ON on input line 4461.
Package hyperref Info: Implicit mode ON; LaTeX internals redefined.
Package hyperref Info: Bookmarks OFF on input line 4694.
("C:\Program Files\MiKTeX 2.9\tex\latex\hyperref\backref.sty"
Package: backref 2012/07/25 v1.38 Bibliographical back referencing

("C:\Program Files\MiKTeX 2.9\tex\latex\oberdiek\rerunfilecheck.sty"
Package: rerunfilecheck 2011/04/15 v1.7 Rerun checks for auxiliary files (HO)
Package uniquecounter Info: New unique counter `rerunfilecheck' on input line 2
82.
))
\c@Hy@tempcnt=\count113

("C:\Program Files\MiKTeX 2.9\tex\latex\url\url.sty"
\Urlmuskip=\muskip11
Package: url 2013/09/16  ver 3.4  Verb mode for urls, etc.
)
LaTeX Info: Redefining \url on input line 5041.
\XeTeXLinkMargin=\dimen129
\Fld@menulength=\count114
\Field@Width=\dimen130
\Fld@charsize=\dimen131
Package hyperref Info: Hyper figures OFF on input line 6295.
Package hyperref Info: Link nesting OFF on input line 6300.
Package hyperref Info: Hyper index ON on input line 6303.
Package hyperref Info: backreferencing ON on input line 6308.
Package hyperref Info: Link coloring ON on input line 6313.
Package hyperref Info: Link coloring with OCG OFF on input line 6320.
Package hyperref Info: PDF/A mode OFF on input line 6325.
LaTeX Info: Redefining \ref on input line 6365.
LaTeX Info: Redefining \pageref on input line 6369.
\Hy@abspage=\count115
\c@Item=\count116
\c@Hfootnote=\count117
)

Package hyperref Message: Driver (autodetected): hpdftex.

("C:\Program Files\MiKTeX 2.9\tex\latex\hyperref\hpdftex.def"
File: hpdftex.def 2012/11/06 v6.83m Hyperref driver for pdfTeX
\Fld@listcount=\count118
\c@bookmark@seq@number=\count119
\Hy@SectionHShift=\skip54
)
(egpaper_for_review.aux)
LaTeX Font Info:    Checking defaults for OML/cmm/m/it on input line 34.
LaTeX Font Info:    ... okay on input line 34.
LaTeX Font Info:    Checking defaults for T1/cmr/m/n on input line 34.
LaTeX Font Info:    ... okay on input line 34.
LaTeX Font Info:    Checking defaults for OT1/cmr/m/n on input line 34.
LaTeX Font Info:    ... okay on input line 34.
LaTeX Font Info:    Checking defaults for OMS/cmsy/m/n on input line 34.
LaTeX Font Info:    ... okay on input line 34.
LaTeX Font Info:    Checking defaults for OMX/cmex/m/n on input line 34.
LaTeX Font Info:    ... okay on input line 34.
LaTeX Font Info:    Checking defaults for U/cmr/m/n on input line 34.
LaTeX Font Info:    ... okay on input line 34.
LaTeX Font Info:    Checking defaults for PD1/pdf/m/n on input line 34.
LaTeX Font Info:    ... okay on input line 34.
LaTeX Font Info:    Try loading font information for OT1+ptm on input line 34.

("C:\Program Files\MiKTeX 2.9\tex\latex\psnfss\ot1ptm.fd"
File: ot1ptm.fd 2001/06/04 font definitions for OT1/ptm.
)
\AtBeginShipoutBox=\box30

("C:\Program Files\MiKTeX 2.9\tex\context\base\supp-pdf.mkii"
[Loading MPS to PDF converter (version 2006.09.02).]
\scratchcounter=\count120
\scratchdimen=\dimen132
\scratchbox=\box31
\nofMPsegments=\count121
\nofMParguments=\count122
\everyMPshowfont=\toks23
\MPscratchCnt=\count123
\MPscratchDim=\dimen133
\MPnumerator=\count124
\makeMPintoPDFobject=\count125
\everyMPtoPDFconversion=\toks24
)
Package caption Info: Begin \AtBeginDocument code.
Package caption Info: hyperref package is loaded.
Package caption Info: End \AtBeginDocument code.
Package hyperref Info: Link coloring ON on input line 34.
 ("C:\Program Files\MiKTeX 2.9\tex\latex\hyperref\nameref.sty"
Package: nameref 2012/10/27 v2.43 Cross-referencing by name of section

("C:\Program Files\MiKTeX 2.9\tex\generic\oberdiek\gettitlestring.sty"
Package: gettitlestring 2010/12/03 v1.4 Cleanup title references (HO)
)
\c@section@level=\count126
)
LaTeX Info: Redefining \ref on input line 34.
LaTeX Info: Redefining \pageref on input line 34.
LaTeX Info: Redefining \nameref on input line 34.
LaTeX Font Info:    Font shape `OT1/ptm/bx/n' in size <14.4> not available
(Font)              Font shape `OT1/ptm/b/n' tried instead on input line 57.
LaTeX Font Info:    Try loading font information for U+msa on input line 57.

("C:\Program Files\MiKTeX 2.9\tex\latex\amsfonts\umsa.fd"
File: umsa.fd 2013/01/14 v3.01 AMS symbols A
)
LaTeX Font Info:    Try loading font information for U+msb on input line 57.

("C:\Program Files\MiKTeX 2.9\tex\latex\amsfonts\umsb.fd"
File: umsb.fd 2013/01/14 v3.01 AMS symbols B
)
LaTeX Font Info:    Font shape `OT1/ptm/bx/n' in size <12> not available
(Font)              Font shape `OT1/ptm/b/n' tried instead on input line 60.
 (abstract.tex)
(introduction.tex
<figures/introduction/113.png, id=4, 501.875pt x 334.24875pt>
File: figures/introduction/113.png Graphic file (type png)

<use figures/introduction/113.png>
Package pdftex.def Info: figures/introduction/113.png used on input line 6.
(pdftex.def)             Requested size: 99.36972pt x 66.18044pt.

<figures/introduction/intro.png, id=5, 381.12915pt x 253.32536pt>
File: figures/introduction/intro.png Graphic file (type png)

<use figures/introduction/intro.png>
Package pdftex.def Info: figures/introduction/intro.png used on input line 7.
(pdftex.def)             Requested size: 99.36972pt x 66.04857pt.
LaTeX Font Info:    Font shape `OT1/ptm/bx/n' in size <8> not available
(Font)              Font shape `OT1/ptm/b/n' tried instead on input line 8.
LaTeX Font Info:    Font shape `OT1/ptm/bx/n' in size <10> not available
(Font)              Font shape `OT1/ptm/b/n' tried instead on input line 14.
LaTeX Font Info:    Try loading font information for OT1+phv on input line 14.

("C:\Program Files\MiKTeX 2.9\tex\latex\psnfss\ot1phv.fd"
File: ot1phv.fd 2001/06/04 scalable font definitions for OT1/phv.
) [1{C:/ProgramData/MiKTeX/2.9/pdftex/config/pdftex.map}


 <./figures/introduction/113.png (PNG copy)> <./figures/introduction/intro.png>
] (relatedWork.tex)) (measuringObMem.tex
<figures/method/main-task_v4.png, id=40, 1213.4133pt x 213.31696pt>
File: figures/method/main-task_v4.png Graphic file (type png)

<use figures/method/main-task_v4.png>
Package pdftex.def Info: figures/method/main-task_v4.png used on input line 5.
(pdftex.def)             Requested size: 496.85625pt x 87.34659pt.
 (memoryGame.tex [2]
Missing character: There is no ‚ in font ptmr7t!
Missing character: There is no Ä in font ptmr7t!
Missing character: There is no ô in font ptmr7t!
) (consistency.tex
Missing character: There is no ‚ in font ptmr7t!
Missing character: There is no Ä in font ptmr7t!
Missing character: There is no ô in font ptmr7t!
))
(understandingObMem.tex (simple.tex
<figures/results/simple_features/color_corrs.png, id=58, 395.5578pt x 287.3937p
t>
File: figures/results/simple_features/color_corrs.png Graphic file (type png)
 <use figures/results/simple_features/color_corrs.png>
Package pdftex.def Info: figures/results/simple_features/color_corrs.png used o
n input line 3.
(pdftex.def)             Requested size: 223.58379pt x 162.44789pt.
 [3 <./figures/method/main-task_v4.png>]) (fixation.tex
Missing character: There is no ‚ in font ptmr7t!
Missing character: There is no Ä in font ptmr7t!
Missing character: There is no ô in font ptmr7t!
Missing character: There is no ‚ in font ptmr7t!
Missing character: There is no Ä in font ptmr7t!
Missing character: There is no ô in font ptmr7t!

<figures/results/fixation/mem-fix-corr-by-factors.png, id=90, 552.1428pt x 187.
1793pt>
File: figures/results/fixation/mem-fix-corr-by-factors.png Graphic file (type p
ng)
 <use figures/results/fixation/mem-fix-corr-by-factors.png>
Package pdftex.def Info: figures/results/fixation/mem-fix-corr-by-factors.png u
sed on input line 7.
(pdftex.def)             Requested size: 248.42812pt x 84.21848pt.

Overfull \hbox (11.29218pt too wide) in paragraph at lines 7--8
 [][] 
 []

<figures/results/fixation/fix_corr_set.png, id=92, 697.4055pt x 230.5413pt>
File: figures/results/fixation/fix_corr_set.png Graphic file (type png)

<use figures/results/fixation/fix_corr_set.png>
Package pdftex.def Info: figures/results/fixation/fix_corr_set.png used on inpu
t line 15.
(pdftex.def)             Requested size: 248.42812pt x 82.12239pt.

Overfull \hbox (11.29218pt too wide) in paragraph at lines 15--16
 [][] 
 []

[4 <./figures/results/simple_features/color_corrs.png> <./figures/results/fixat
ion/mem-fix-corr-by-factors.png> <./figures/results/fixation/fix_corr_set.png>]

<figures/results/fixation/positions_final.png, id=112, 776.9025pt x 273.1806pt>
File: figures/results/fixation/positions_final.png Graphic file (type png)
<use figures/results/fixation/positions_final.png>
Package pdftex.def Info: figures/results/fixation/positions_final.png used on i
nput line 26.
(pdftex.def)             Requested size: 223.58379pt x 78.61592pt.

<figures/results/fixation/qual/qual.png, id=113, 779.16093pt x 466.74374pt>
File: figures/results/fixation/qual/qual.png Graphic file (type png)

<use figures/results/fixation/qual/qual.png>
Package pdftex.def Info: figures/results/fixation/qual/qual.png used on input l
ine 32.
(pdftex.def)             Requested size: 223.58379pt x 133.92783pt.
) (objectLabel.tex (interclass.tex
Missing character: There is no ‚ in font ptmr7t!
Missing character: There is no Ä in font ptmr7t!
Missing character: There is no ú in font ptmr7t!
Missing character: There is no ‚ in font ptmr7t!
Missing character: There is no Ä in font ptmr7t!
Missing character: There is no ù in font ptmr7t!
Missing character: There is no ‚ in font ptmr7t!
Missing character: There is no Ä in font ptmr7t!
Missing character: There is no ú in font ptmr7t!
Missing character: There is no ‚ in font ptmr7t!
Missing character: There is no Ä in font ptmr7t!
Missing character: There is no ù in font ptmr7t!
Missing character: There is no ‚ in font ptmr7t!
Missing character: There is no Ä in font ptmr7t!
Missing character: There is no ú in font ptmr7t!
Missing character: There is no ‚ in font ptmr7t!
Missing character: There is no Ä in font ptmr7t!
Missing character: There is no ù in font ptmr7t!

<figures/results/obLabel/qual_cat.png, id=116, 7929.4644pt x 1720.026pt>
File: figures/results/obLabel/qual_cat.png Graphic file (type png)

<use figures/results/obLabel/qual_cat.png>
Package pdftex.def Info: figures/results/obLabel/qual_cat.png used on input lin
e 7.
(pdftex.def)             Requested size: 496.85625pt x 107.76381pt.

<figures/results/obLabel/memScore_dist2.png, id=117, 695.2374pt x 474.0912pt>
File: figures/results/obLabel/memScore_dist2.png Graphic file (type png)

<use figures/results/obLabel/memScore_dist2.png>
Package pdftex.def Info: figures/results/obLabel/memScore_dist2.png used on inp
ut line 15.
(pdftex.def)             Requested size: 223.58379pt x 152.46461pt.
) (intraclass.tex
Underfull \vbox (badness 10000) has occurred while \output is active []

 [5 <./figures/results/fixation/positions_final.png> <./figures/results/fixatio
n/qual/qual.png> <./figures/results/obLabel/memScore_dist2.png>]
<figures/results/obLabel/memScore_change2.png, id=135, 698.8509pt x 472.4049pt>
File: figures/results/obLabel/memScore_change2.png Graphic file (type png)
<use figures/results/obLabel/memScore_change2.png>
Package pdftex.def Info: figures/results/obLabel/memScore_change2.png used on i
nput line 7.
(pdftex.def)             Requested size: 223.58379pt x 151.13661pt.

Underfull \vbox (badness 1609) has occurred while \output is active []

 [6 <./figures/results/obLabel/qual_cat.png> <./figures/results/obLabel/memScor
e_change2.png>]
<figures/results/obLabel/confusionMatrix.png, id=152, 754.9806pt x 465.1779pt>
File: figures/results/obLabel/confusionMatrix.png Graphic file (type png)

<use figures/results/obLabel/confusionMatrix.png>
Package pdftex.def Info: figures/results/obLabel/confusionMatrix.png used on in
put line 15.
(pdftex.def)             Requested size: 248.42812pt x 153.06909pt.

Overfull \hbox (11.29218pt too wide) in paragraph at lines 15--16
 [][] 
 []

<figures/results/obLabel/inter-class/14.jpg, id=153, 339.2675pt x 501.875pt>
File: figures/results/obLabel/inter-class/14.jpg Graphic file (type jpg)

<use figures/results/obLabel/inter-class/14.jpg>
Package pdftex.def Info: figures/results/obLabel/inter-class/14.jpg used on inp
ut line 21.
(pdftex.def)             Requested size: 21.15756pt x 31.2982pt.

<figures/results/obLabel/inter-class/85.jpg, id=154, 376.40625pt x 501.875pt>
File: figures/results/obLabel/inter-class/85.jpg Graphic file (type jpg)

<use figures/results/obLabel/inter-class/85.jpg>
Package pdftex.def Info: figures/results/obLabel/inter-class/85.jpg used on inp
ut line 22.
(pdftex.def)             Requested size: 23.47363pt x 31.2982pt.

<figures/results/obLabel/inter-class/10.jpg, id=155, 18.0675pt x 11.52707pt>
File: figures/results/obLabel/inter-class/10.jpg Graphic file (type jpg)

<use figures/results/obLabel/inter-class/10.jpg>
Package pdftex.def Info: figures/results/obLabel/inter-class/10.jpg used on inp
ut line 23.
(pdftex.def)             Requested size: 49.0635pt x 31.2982pt.

<figures/results/obLabel/inter-class/128.jpg, id=156, 501.875pt x 400.49625pt>
File: figures/results/obLabel/inter-class/128.jpg Graphic file (type jpg)

<use figures/results/obLabel/inter-class/128.jpg>
Package pdftex.def Info: figures/results/obLabel/inter-class/128.jpg used on in
put line 24.
(pdftex.def)             Requested size: 39.21654pt x 31.2982pt.

<figures/results/obLabel/inter-class/102.jpg, id=157, 508.94366pt x 426.49478pt
>
File: figures/results/obLabel/inter-class/102.jpg Graphic file (type jpg)
 <use figures/results/obLabel/inter-class/102.jpg>
Package pdftex.def Info: figures/results/obLabel/inter-class/102.jpg used on in
put line 25.
(pdftex.def)             Requested size: 37.34595pt x 31.2982pt.

<figures/results/obLabel/inter-class/129.jpg, id=158, 269.808pt x 202.356pt>
File: figures/results/obLabel/inter-class/129.jpg Graphic file (type jpg)

<use figures/results/obLabel/inter-class/129.jpg>
Package pdftex.def Info: figures/results/obLabel/inter-class/129.jpg used on in
put line 26.
(pdftex.def)             Requested size: 41.72923pt x 31.2982pt.

<figures/results/obLabel/inter-class/14.png, id=159, 339.2675pt x 501.875pt>
File: figures/results/obLabel/inter-class/14.png Graphic file (type png)

<use figures/results/obLabel/inter-class/14.png>
Package pdftex.def Info: figures/results/obLabel/inter-class/14.png used on inp
ut line 27.
(pdftex.def)             Requested size: 21.15756pt x 31.2982pt.

<figures/results/obLabel/inter-class/85.png, id=160, 376.40625pt x 501.875pt>
File: figures/results/obLabel/inter-class/85.png Graphic file (type png)

<use figures/results/obLabel/inter-class/85.png>
Package pdftex.def Info: figures/results/obLabel/inter-class/85.png used on inp
ut line 28.
(pdftex.def)             Requested size: 23.47363pt x 31.2982pt.

<figures/results/obLabel/inter-class/10.png, id=161, 501.875pt x 320.19624pt>
File: figures/results/obLabel/inter-class/10.png Graphic file (type png)

<use figures/results/obLabel/inter-class/10.png>
Package pdftex.def Info: figures/results/obLabel/inter-class/10.png used on inp
ut line 29.
(pdftex.def)             Requested size: 49.0494pt x 31.2982pt.

<figures/results/obLabel/inter-class/128.png, id=162, 501.875pt x 400.49625pt>
File: figures/results/obLabel/inter-class/128.png Graphic file (type png)

<use figures/results/obLabel/inter-class/128.png>
Package pdftex.def Info: figures/results/obLabel/inter-class/128.png used on in
put line 30.
(pdftex.def)             Requested size: 39.21654pt x 31.2982pt.

<figures/results/obLabel/inter-class/102.png, id=163, 501.875pt x 420.57124pt>
File: figures/results/obLabel/inter-class/102.png Graphic file (type png)

<use figures/results/obLabel/inter-class/102.png>
Package pdftex.def Info: figures/results/obLabel/inter-class/102.png used on in
put line 31.
(pdftex.def)             Requested size: 37.34799pt x 31.2982pt.

<figures/results/obLabel/inter-class/129.png, id=164, 449.68pt x 337.26pt>
File: figures/results/obLabel/inter-class/129.png Graphic file (type png)

<use figures/results/obLabel/inter-class/129.png>
Package pdftex.def Info: figures/results/obLabel/inter-class/129.png used on in
put line 32.
(pdftex.def)             Requested size: 41.72511pt x 31.2982pt.
)) (imageMem.tex
Missing character: There is no ‚ in font ptmr7t!
Missing character: There is no Ä in font ptmr7t!
Missing character: There is no ô in font ptmr7t!

Overfull \hbox (11.30264pt too wide) in paragraph at lines 8--15
[][] 
 []

<figures/results/imMem/qual.png, id=169, 1828.58156pt x 420.82219pt>
File: figures/results/imMem/qual.png Graphic file (type png)

<use figures/results/imMem/qual.png>
Package pdftex.def Info: figures/results/imMem/qual.png used on input line 21.
(pdftex.def)             Requested size: 496.85625pt x 114.34268pt.
)) (predictingObMem.tex [7 <./figures/results/obLabel/confusionMatrix.png> <./f
igures/results/obLabel/inter-class/14.jpg> <./figures/results/obLabel/inter-cla
ss/85.jpg> <./figures/results/obLabel/inter-class/10.jpg> <./figures/results/ob
Label/inter-class/128.jpg> <./figures/results/obLabel/inter-class/102.jpg> <./f
igures/results/obLabel/inter-class/129.jpg> <./figures/results/obLabel/inter-cl
ass/14.png (PNG copy)> <./figures/results/obLabel/inter-class/85.png (PNG copy)
> <./figures/results/obLabel/inter-class/10.png (PNG copy)> <./figures/results/
obLabel/inter-class/128.png (PNG copy)> <./figures/results/obLabel/inter-class/
102.png (PNG copy)> <./figures/results/obLabel/inter-class/129.png (PNG copy)>]


LaTeX Warning: Reference `sec:obLabel' on page 8 undefined on input line 3.


Underfull \vbox (badness 5050) has occurred while \output is active []


<figures/results/benchmark/comparison.png, id=212, 2192.94281pt x 1840.62656pt>
File: figures/results/benchmark/comparison.png Graphic file (type png)
<use figures/results/benchmark/comparison.png>
Package pdftex.def Info: figures/results/benchmark/comparison.png used on input
 line 9.
(pdftex.def)             Requested size: 198.73946pt x 166.80075pt.
) (egpaper_for_review.bbl
(egpaper_for_review.brf)
\tf@brf=\write3
LaTeX Font Info:    Font shape `OT1/ptm/bx/n' in size <9> not available
(Font)              Font shape `OT1/ptm/b/n' tried instead on input line 32.
 [8 <./figures/results/benchmark/comparison.png>]
Underfull \hbox (badness 1755) in paragraph at lines 156--156
[]\OT1/ptm/m/n/9 D. G. Lowe.  Dis-tinc-tive im-age fea-tures from scale-
 []


Underfull \hbox (badness 1028) in paragraph at lines 174--174
[]\OT1/ptm/m/n/9 F. Per-azzi, P. Kra-hen-buhl, Y. Pritch, and A. Hor-nung.
 []

)
Package atveryend Info: Empty hook `BeforeClearDocument' on input line 87.
 [9] [10 <./figures/results/imMem/qual.png>]
Package atveryend Info: Empty hook `AfterLastShipout' on input line 87.
 (egpaper_for_review.aux)
Package atveryend Info: Executing hook `AtVeryEndDocument' on input line 87.
Package atveryend Info: Executing hook `AtEndAfterFileList' on input line 87.
Package rerunfilecheck Info: File `egpaper_for_review.brf' has not changed.
(rerunfilecheck)             Checksum: C0A49170E641DEABCECF48CB159B1941;1864.


LaTeX Warning: There were undefined references.

Package atveryend Info: Empty hook `AtVeryVeryEnd' on input line 87.
 ) 
Here is how much of TeX's memory you used:
 8412 strings out of 493698
 125971 string characters out of 3144403
 223546 words of memory out of 3000000
 11449 multiletter control sequences out of 15000+200000
 35689 words of font info for 76 fonts, out of 3000000 for 9000
 1025 hyphenation exceptions out of 8191
 42i,13n,39p,3081b,479s stack positions out of 5000i,500n,10000p,200000b,50000s
{C:/Program Files/MiKTeX 2.9/fonts/enc/dvips/fontname/8r.enc}<C:/Program File
s/MiKTeX 2.9/fonts/type1/public/amsfonts/cm/cmmi10.pfb><C:/Program Files/MiKTeX
 2.9/fonts/type1/public/amsfonts/cm/cmr10.pfb><C:/Program Files/MiKTeX 2.9/font
s/type1/public/amsfonts/cm/cmsy10.pfb><C:/Program Files/MiKTeX 2.9/fonts/type1/
urw/helvetic/uhvb8a.pfb><C:/Program Files/MiKTeX 2.9/fonts/type1/urw/helvetic/u
hvr8a.pfb><C:/Program Files/MiKTeX 2.9/fonts/type1/urw/times/utmb8a.pfb><C:/Pro
gram Files/MiKTeX 2.9/fonts/type1/urw/times/utmr8a.pfb><C:/Program Files/MiKTeX
 2.9/fonts/type1/urw/times/utmri8a.pfb>
Output written on egpaper_for_review.pdf (10 pages, 18821000 bytes).
PDF statistics:
 335 PDF objects out of 1000 (max. 8388607)
 97 named destinations out of 1000 (max. 500000)
 131 words of extra memory for PDF output out of 10000 (max. 10000000)

