This is pdfTeX, Version 3.14159265-2.6-1.40.15 (MiKTeX 2.9 64-bit) (preloaded format=pdflatex 2015.2.10)  21 APR 2015 12:22
entering extended mode
**C:/Users/rach0012/Documents/GitHub/iccv-obMem/latexFiles/understandingObMem.t
ex

(C:/Users/rach0012/Documents/GitHub/iccv-obMem/latexFiles/understandingObMem.te
x
LaTeX2e <2014/05/01>
Babel <3.9l> and hyphenation patterns for 68 languages loaded.

! LaTeX Error: Missing \begin{document}.

See the LaTeX manual or LaTeX Companion for explanation.
Type  H <return>  for immediate help.
 ...                                              
                                                  
l.1 I
     n this section, we aim to better understand object memorability and the...

? 
! Emergency stop.
 ...                                              
                                                  
l.1 I
     n this section, we aim to better understand object memorability and the...

You're in trouble here.  Try typing  <return>  to proceed.
If that doesn't work, type  X <return>  to quit.

 
Here is how much of TeX's memory you used:
 8 strings out of 493698
 446 string characters out of 3144403
 52149 words of memory out of 3000000
 3432 multiletter control sequences out of 15000+200000
 3640 words of font info for 14 fonts, out of 3000000 for 9000
 1025 hyphenation exceptions out of 8191
 5i,0n,4p,322b,14s stack positions out of 5000i,500n,10000p,200000b,50000s
!  ==> Fatal error occurred, no output PDF file produced!
